<?xml version="1.0" encoding="UTF-8"?>
<testsuite xmlns:xsi="http://www.w3.org/2001/XMLSchema-instance" xsi:noNamespaceSchemaLocation="https://maven.apache.org/surefire/maven-surefire-plugin/xsd/surefire-test-report-3.0.xsd" version="3.0" name="fxui.models.NewUserModelTest" time="0.049" tests="8" errors="0" skipped="0" failures="0">
  <properties>
    <property name="java.specification.version" value="23"/>
    <property name="javafx.runtime.version" value="17.0.12+2"/>
    <property name="sun.jnu.encoding" value="UTF-8"/>
    <property name="java.class.path" value="/Users/haakonringen/Documents/Dokumenter – Håkons MacBook Pro/Datatek/2. klasse/ITP/Gruppeprosjekt/gr2401/cookbook/java-fx/target/test-classes:/Users/haakonringen/.m2/repository/org/openjfx/javafx-controls/17.0.12/javafx-controls-17.0.12.jar:/Users/haakonringen/.m2/repository/org/openjfx/javafx-fxml/17.0.12/javafx-fxml-17.0.12.jar:/Users/haakonringen/.m2/repository/org/openjfx/javafx-graphics/17.0.12/javafx-graphics-17.0.12.jar:/Users/haakonringen/.m2/repository/org/openjfx/javafx-base/17.0.12/javafx-base-17.0.12.jar:/Users/haakonringen/.m2/repository/org/junit/jupiter/junit-jupiter-api/5.10.0/junit-jupiter-api-5.10.0.jar:/Users/haakonringen/.m2/repository/org/opentest4j/opentest4j/1.3.0/opentest4j-1.3.0.jar:/Users/haakonringen/.m2/repository/org/junit/platform/junit-platform-commons/1.10.0/junit-platform-commons-1.10.0.jar:/Users/haakonringen/.m2/repository/org/apiguardian/apiguardian-api/1.1.2/apiguardian-api-1.1.2.jar:/Users/haakonringen/.m2/repository/org/junit/jupiter/junit-jupiter-engine/5.10.0/junit-jupiter-engine-5.10.0.jar:/Users/haakonringen/.m2/repository/org/junit/platform/junit-platform-engine/1.10.0/junit-platform-engine-1.10.0.jar:/Users/haakonringen/.m2/repository/org/junit/jupiter/junit-jupiter-params/5.10.0/junit-jupiter-params-5.10.0.jar:/Users/haakonringen/.m2/repository/org/mockito/mockito-junit-jupiter/5.4.0/mockito-junit-jupiter-5.4.0.jar:/Users/haakonringen/.m2/repository/org/testfx/testfx-core/4.0.18/testfx-core-4.0.18.jar:/Users/haakonringen/.m2/repository/org/hamcrest/hamcrest/2.1/hamcrest-2.1.jar:/Users/haakonringen/.m2/repository/org/assertj/assertj-core/3.13.2/assertj-core-3.13.2.jar:/Users/haakonringen/.m2/repository/org/osgi/org.osgi.core/6.0.0/org.osgi.core-6.0.0.jar:/Users/haakonringen/.m2/repository/org/testfx/testfx-junit5/4.0.18/testfx-junit5-4.0.18.jar:/Users/haakonringen/.m2/repository/org/mockito/mockito-core/5.14.0/mockito-core-5.14.0.jar:/Users/haakonringen/.m2/repository/net/bytebuddy/byte-buddy/1.15.2/byte-buddy-1.15.2.jar:/Users/haakonringen/.m2/repository/net/bytebuddy/byte-buddy-agent/1.15.2/byte-buddy-agent-1.15.2.jar:/Users/haakonringen/.m2/repository/org/objenesis/objenesis/3.3/objenesis-3.3.jar:/Users/haakonringen/.m2/repository/com/github/spotbugs/spotbugs-annotations/4.8.6/spotbugs-annotations-4.8.6.jar:/Users/haakonringen/.m2/repository/com/google/code/findbugs/jsr305/3.0.2/jsr305-3.0.2.jar:"/>
    <property name="java.vm.vendor" value="Homebrew"/>
    <property name="sun.arch.data.model" value="64"/>
    <property name="java.vendor.url" value="https://github.com/Homebrew/homebrew-core/issues"/>
    <property name="user.timezone" value="Europe/Oslo"/>
    <property name="javafx.version" value="17.0.12"/>
    <property name="os.name" value="Mac OS X"/>
    <property name="java.vm.specification.version" value="23"/>
    <property name="sun.java.launcher" value="SUN_STANDARD"/>
    <property name="user.country" value="NO"/>
    <property name="sun.boot.library.path" value="/opt/homebrew/Cellar/openjdk/23.0.1/libexec/openjdk.jdk/Contents/Home/lib"/>
    <property name="sun.java.command" value="org.apache.maven.surefire.booter.ForkedBooter /Users/haakonringen/Documents/Dokumenter – Håkons MacBook Pro/Datatek/2. klasse/ITP/Gruppeprosjekt/gr2401/cookbook/java-fx/target/surefire 2024-11-17T12-15-55_760-jvmRun1 surefire-20241117121555958_1tmp surefire_0-20241117121555958_2tmp"/>
    <property name="http.nonProxyHosts" value="local|*.local|169.254/16|*.169.254/16"/>
    <property name="jdk.debug" value="release"/>
    <property name="surefire.test.class.path" value="/Users/haakonringen/Documents/Dokumenter – Håkons MacBook Pro/Datatek/2. klasse/ITP/Gruppeprosjekt/gr2401/cookbook/java-fx/target/test-classes:/Users/haakonringen/.m2/repository/org/openjfx/javafx-controls/17.0.12/javafx-controls-17.0.12.jar:/Users/haakonringen/.m2/repository/org/openjfx/javafx-fxml/17.0.12/javafx-fxml-17.0.12.jar:/Users/haakonringen/.m2/repository/org/openjfx/javafx-graphics/17.0.12/javafx-graphics-17.0.12.jar:/Users/haakonringen/.m2/repository/org/openjfx/javafx-base/17.0.12/javafx-base-17.0.12.jar:/Users/haakonringen/.m2/repository/org/junit/jupiter/junit-jupiter-api/5.10.0/junit-jupiter-api-5.10.0.jar:/Users/haakonringen/.m2/repository/org/opentest4j/opentest4j/1.3.0/opentest4j-1.3.0.jar:/Users/haakonringen/.m2/repository/org/junit/platform/junit-platform-commons/1.10.0/junit-platform-commons-1.10.0.jar:/Users/haakonringen/.m2/repository/org/apiguardian/apiguardian-api/1.1.2/apiguardian-api-1.1.2.jar:/Users/haakonringen/.m2/repository/org/junit/jupiter/junit-jupiter-engine/5.10.0/junit-jupiter-engine-5.10.0.jar:/Users/haakonringen/.m2/repository/org/junit/platform/junit-platform-engine/1.10.0/junit-platform-engine-1.10.0.jar:/Users/haakonringen/.m2/repository/org/junit/jupiter/junit-jupiter-params/5.10.0/junit-jupiter-params-5.10.0.jar:/Users/haakonringen/.m2/repository/org/mockito/mockito-junit-jupiter/5.4.0/mockito-junit-jupiter-5.4.0.jar:/Users/haakonringen/.m2/repository/org/testfx/testfx-core/4.0.18/testfx-core-4.0.18.jar:/Users/haakonringen/.m2/repository/org/hamcrest/hamcrest/2.1/hamcrest-2.1.jar:/Users/haakonringen/.m2/repository/org/assertj/assertj-core/3.13.2/assertj-core-3.13.2.jar:/Users/haakonringen/.m2/repository/org/osgi/org.osgi.core/6.0.0/org.osgi.core-6.0.0.jar:/Users/haakonringen/.m2/repository/org/testfx/testfx-junit5/4.0.18/testfx-junit5-4.0.18.jar:/Users/haakonringen/.m2/repository/org/mockito/mockito-core/5.14.0/mockito-core-5.14.0.jar:/Users/haakonringen/.m2/repository/net/bytebuddy/byte-buddy/1.15.2/byte-buddy-1.15.2.jar:/Users/haakonringen/.m2/repository/net/bytebuddy/byte-buddy-agent/1.15.2/byte-buddy-agent-1.15.2.jar:/Users/haakonringen/.m2/repository/org/objenesis/objenesis/3.3/objenesis-3.3.jar:/Users/haakonringen/.m2/repository/com/github/spotbugs/spotbugs-annotations/4.8.6/spotbugs-annotations-4.8.6.jar:/Users/haakonringen/.m2/repository/com/google/code/findbugs/jsr305/3.0.2/jsr305-3.0.2.jar:"/>
    <property name="sun.cpu.endian" value="little"/>
    <property name="user.home" value="/Users/haakonringen"/>
    <property name="user.language" value="nb"/>
    <property name="java.specification.vendor" value="Oracle Corporation"/>
    <property name="jdk.module.path" value="/Users/haakonringen/Documents/Dokumenter – Håkons MacBook Pro/Datatek/2. klasse/ITP/Gruppeprosjekt/gr2401/cookbook/java-fx/target/classes:/Users/haakonringen/.m2/repository/org/openjfx/javafx-controls/17.0.12/javafx-controls-17.0.12-mac-aarch64.jar:/Users/haakonringen/.m2/repository/org/openjfx/javafx-fxml/17.0.12/javafx-fxml-17.0.12-mac-aarch64.jar:/Users/haakonringen/.m2/repository/org/openjfx/javafx-graphics/17.0.12/javafx-graphics-17.0.12-mac-aarch64.jar:/Users/haakonringen/.m2/repository/org/openjfx/javafx-base/17.0.12/javafx-base-17.0.12-mac-aarch64.jar:/Users/haakonringen/.m2/repository/com/fasterxml/jackson/core/jackson-databind/2.16.1/jackson-databind-2.16.1.jar:/Users/haakonringen/.m2/repository/com/fasterxml/jackson/core/jackson-annotations/2.16.1/jackson-annotations-2.16.1.jar:/Users/haakonringen/.m2/repository/com/fasterxml/jackson/core/jackson-core/2.16.1/jackson-core-2.16.1.jar:/Users/haakonringen/Documents/Dokumenter – Håkons MacBook Pro/Datatek/2. klasse/ITP/Gruppeprosjekt/gr2401/cookbook/core/target/core-1.0-SNAPSHOT.jar"/>
    <property name="java.version.date" value="2024-10-15"/>
    <property name="java.home" value="/opt/homebrew/Cellar/openjdk/23.0.1/libexec/openjdk.jdk/Contents/Home"/>
    <property name="file.separator" value="/"/>
    <property name="basedir" value="/Users/haakonringen/Documents/Dokumenter – Håkons MacBook Pro/Datatek/2. klasse/ITP/Gruppeprosjekt/gr2401/cookbook/java-fx"/>
    <property name="java.vm.compressedOopsMode" value="Zero based"/>
    <property name="line.separator" value="&#10;"/>
    <property name="java.vm.specification.vendor" value="Oracle Corporation"/>
    <property name="java.specification.name" value="Java Platform API Specification"/>
    <property name="apple.awt.application.name" value="ForkedBooter"/>
    <property name="surefire.real.class.path" value="/Users/haakonringen/.m2/repository/org/apache/maven/surefire/surefire-booter/3.0.0-M8/surefire-booter-3.0.0-M8.jar:/Users/haakonringen/.m2/repository/org/apache/maven/surefire/surefire-api/3.0.0-M8/surefire-api-3.0.0-M8.jar:/Users/haakonringen/.m2/repository/org/apache/maven/surefire/surefire-logger-api/3.0.0-M8/surefire-logger-api-3.0.0-M8.jar:/Users/haakonringen/.m2/repository/org/apache/maven/surefire/surefire-shared-utils/3.0.0-M8/surefire-shared-utils-3.0.0-M8.jar:/Users/haakonringen/.m2/repository/org/apache/maven/surefire/surefire-extensions-spi/3.0.0-M8/surefire-extensions-spi-3.0.0-M8.jar:/Users/haakonringen/Documents/Dokumenter – Håkons MacBook Pro/Datatek/2. klasse/ITP/Gruppeprosjekt/gr2401/cookbook/java-fx/target/test-classes:/Users/haakonringen/.m2/repository/org/openjfx/javafx-controls/17.0.12/javafx-controls-17.0.12.jar:/Users/haakonringen/.m2/repository/org/openjfx/javafx-fxml/17.0.12/javafx-fxml-17.0.12.jar:/Users/haakonringen/.m2/repository/org/openjfx/javafx-graphics/17.0.12/javafx-graphics-17.0.12.jar:/Users/haakonringen/.m2/repository/org/openjfx/javafx-base/17.0.12/javafx-base-17.0.12.jar:/Users/haakonringen/.m2/repository/org/junit/jupiter/junit-jupiter-api/5.10.0/junit-jupiter-api-5.10.0.jar:/Users/haakonringen/.m2/repository/org/opentest4j/opentest4j/1.3.0/opentest4j-1.3.0.jar:/Users/haakonringen/.m2/repository/org/junit/platform/junit-platform-commons/1.10.0/junit-platform-commons-1.10.0.jar:/Users/haakonringen/.m2/repository/org/apiguardian/apiguardian-api/1.1.2/apiguardian-api-1.1.2.jar:/Users/haakonringen/.m2/repository/org/junit/jupiter/junit-jupiter-engine/5.10.0/junit-jupiter-engine-5.10.0.jar:/Users/haakonringen/.m2/repository/org/junit/platform/junit-platform-engine/1.10.0/junit-platform-engine-1.10.0.jar:/Users/haakonringen/.m2/repository/org/junit/jupiter/junit-jupiter-params/5.10.0/junit-jupiter-params-5.10.0.jar:/Users/haakonringen/.m2/repository/org/mockito/mockito-junit-jupiter/5.4.0/mockito-junit-jupiter-5.4.0.jar:/Users/haakonringen/.m2/repository/org/testfx/testfx-core/4.0.18/testfx-core-4.0.18.jar:/Users/haakonringen/.m2/repository/org/hamcrest/hamcrest/2.1/hamcrest-2.1.jar:/Users/haakonringen/.m2/repository/org/assertj/assertj-core/3.13.2/assertj-core-3.13.2.jar:/Users/haakonringen/.m2/repository/org/osgi/org.osgi.core/6.0.0/org.osgi.core-6.0.0.jar:/Users/haakonringen/.m2/repository/org/testfx/testfx-junit5/4.0.18/testfx-junit5-4.0.18.jar:/Users/haakonringen/.m2/repository/org/mockito/mockito-core/5.14.0/mockito-core-5.14.0.jar:/Users/haakonringen/.m2/repository/net/bytebuddy/byte-buddy/1.15.2/byte-buddy-1.15.2.jar:/Users/haakonringen/.m2/repository/net/bytebuddy/byte-buddy-agent/1.15.2/byte-buddy-agent-1.15.2.jar:/Users/haakonringen/.m2/repository/org/objenesis/objenesis/3.3/objenesis-3.3.jar:/Users/haakonringen/.m2/repository/com/github/spotbugs/spotbugs-annotations/4.8.6/spotbugs-annotations-4.8.6.jar:/Users/haakonringen/.m2/repository/com/google/code/findbugs/jsr305/3.0.2/jsr305-3.0.2.jar:/Users/haakonringen/.m2/repository/org/apache/maven/surefire/surefire-junit-platform/3.0.0-M8/surefire-junit-platform-3.0.0-M8.jar:/Users/haakonringen/.m2/repository/org/apache/maven/surefire/common-java5/3.0.0-M8/common-java5-3.0.0-M8.jar:/Users/haakonringen/.m2/repository/org/junit/platform/junit-platform-launcher/1.10.0/junit-platform-launcher-1.10.0.jar"/>
    <property name="sun.management.compiler" value="HotSpot 64-Bit Tiered Compilers"/>
    <property name="ftp.nonProxyHosts" value="local|*.local|169.254/16|*.169.254/16"/>
    <property name="java.runtime.version" value="23.0.1"/>
    <property name="user.name" value="haakonringen"/>
    <property name="stdout.encoding" value="UTF-8"/>
    <property name="path.separator" value=":"/>
    <property name="os.version" value="15.0.1"/>
    <property name="java.runtime.name" value="OpenJDK Runtime Environment"/>
    <property name="file.encoding" value="UTF-8"/>
    <property name="java.vm.name" value="OpenJDK 64-Bit Server VM"/>
    <property name="java.vendor.version" value="Homebrew"/>
    <property name="localRepository" value="/Users/haakonringen/.m2/repository"/>
    <property name="java.vendor.url.bug" value="https://github.com/Homebrew/homebrew-core/issues"/>
    <property name="java.io.tmpdir" value="/var/folders/b4/pnrqgwq10j51wypb5z2pwvm00000gn/T/"/>
    <property name="java.version" value="23.0.1"/>
    <property name="user.dir" value="/Users/haakonringen/Documents/Dokumenter – Håkons MacBook Pro/Datatek/2. klasse/ITP/Gruppeprosjekt/gr2401/cookbook/java-fx"/>
    <property name="os.arch" value="aarch64"/>
    <property name="java.vm.specification.name" value="Java Virtual Machine Specification"/>
    <property name="native.encoding" value="UTF-8"/>
    <property name="java.library.path" value="/Users/haakonringen/Library/Java/Extensions:/Library/Java/Extensions:/Network/Library/Java/Extensions:/System/Library/Java/Extensions:/usr/lib/java:."/>
    <property name="java.vm.info" value="mixed mode"/>
    <property name="stderr.encoding" value="UTF-8"/>
    <property name="java.vendor" value="Homebrew"/>
    <property name="java.vm.version" value="23.0.1"/>
    <property name="sun.io.unicode.encoding" value="UnicodeBig"/>
    <property name="socksNonProxyHosts" value="local|*.local|169.254/16|*.169.254/16"/>
    <property name="java.class.version" value="67.0"/>
  </properties>
  <testcase name="testCreateUser_FailedCreationDueToAccessException" classname="fxui.models.NewUserModelTest" time="0.034"/>
  <testcase name="testCreateUser_InvalidId" classname="fxui.models.NewUserModelTest" time="0.002"/>
  <testcase name="testCreateUser_SuccessfulCreation" classname="fxui.models.NewUserModelTest" time="0.001"/>
  <testcase name="testCreateUser_ShortPassword" classname="fxui.models.NewUserModelTest" time="0.001"/>
  <testcase name="testCheckParams_ShortFirstName" classname="fxui.models.NewUserModelTest" time="0.002"/>
  <testcase name="testCreateUser_PasswordMismatch" classname="fxui.models.NewUserModelTest" time="0.001"/>
  <testcase name="testCheckParams_ShortLastName" classname="fxui.models.NewUserModelTest" time="0.002"/>
  <testcase name="testCheckParams_EmptyFirstName" classname="fxui.models.NewUserModelTest" time="0.001"/>
</testsuite>